{
  message: 'Server running on port 4000',
  level: 'info',
  label: 'Book-catalog',
  timestamp: '2023-09-02T05:13:42.874Z'
}
{
  message: 'Server running on port 4000',
  level: 'info',
  label: 'Book-catalog',
  timestamp: '2023-09-02T05:14:26.256Z'
}
{
  message: 'Server running on port 4000',
  level: 'info',
  label: 'Book-catalog',
  timestamp: '2023-09-02T05:14:44.758Z'
}
{
  message: 'Server running on port 4000',
  level: 'info',
  label: 'Book-catalog',
  timestamp: '2023-09-02T05:20:35.307Z'
}
{
  message: 'Server running on port 4000',
  level: 'info',
  label: 'Book-catalog',
  timestamp: '2023-09-02T05:22:05.123Z'
}
{
  message: 'Server running on port 4000',
  level: 'info',
  label: 'Book-catalog',
  timestamp: '2023-09-02T05:22:09.610Z'
}
{
  message: 'Server running on port 4000',
  level: 'info',
  label: 'Book-catalog',
  timestamp: '2023-09-02T05:23:03.710Z'
}
{
  message: 'Server running on port 4000',
  level: 'info',
  label: 'Book-catalog',
  timestamp: '2023-09-02T05:23:43.406Z'
}
{
  message: 'Server running on port 4000',
  level: 'info',
  label: 'Book-catalog',
  timestamp: '2023-09-02T05:27:17.639Z'
}
{
  message: 'Server running on port 4000',
  level: 'info',
  label: 'Book-catalog',
  timestamp: '2023-09-02T05:27:44.745Z'
}
{
  message: 'Server running on port 4000',
  level: 'info',
  label: 'Book-catalog',
  timestamp: '2023-09-02T05:28:13.325Z'
}
{
  message: 'Server running on port 4000',
  level: 'info',
  label: 'Book-catalog',
  timestamp: '2023-09-02T05:29:51.807Z'
}
{
  message: 'Server running on port 4000',
  level: 'info',
  label: 'Book-catalog',
  timestamp: '2023-09-02T05:31:49.871Z'
}
{
  message: 'Server running on port 4000',
  level: 'info',
  label: 'Book-catalog',
  timestamp: '2023-09-02T05:36:46.394Z'
}
{
  message: 'Server running on port 4000',
  level: 'info',
  label: 'Book-catalog',
  timestamp: '2023-09-02T05:37:15.354Z'
}
{
  message: 'Server running on port 4000',
  level: 'info',
  label: 'Book-catalog',
  timestamp: '2023-09-02T05:38:48.488Z'
}
{
  message: 'Server running on port 4000',
  level: 'info',
  label: 'Book-catalog',
  timestamp: '2023-09-02T05:39:25.072Z'
}
{
  message: 'Server running on port 4000',
  level: 'info',
  label: 'Book-catalog',
  timestamp: '2023-09-02T05:40:41.151Z'
}
{
  message: 'Server running on port 4000',
  level: 'info',
  label: 'Book-catalog',
  timestamp: '2023-09-02T05:41:42.833Z'
}
{
  message: 'Server running on port 4000',
  level: 'info',
  label: 'Book-catalog',
  timestamp: '2023-09-02T05:42:07.739Z'
}
{
  message: 'Server running on port 4000',
  level: 'info',
  label: 'Book-catalog',
  timestamp: '2023-09-02T05:42:21.909Z'
}
{
  message: 'Server running on port 4000',
  level: 'info',
  label: 'Book-catalog',
  timestamp: '2023-09-02T05:43:24.764Z'
}
{
  message: 'Server running on port 4000',
  level: 'info',
  label: 'Book-catalog',
  timestamp: '2023-09-02T05:51:27.294Z'
}
{
  message: 'Server running on port 4000',
  level: 'info',
  label: 'Book-catalog',
  timestamp: '2023-09-02T05:52:10.068Z'
}
{
  message: 'Server running on port 4000',
  level: 'info',
  label: 'Book-catalog',
  timestamp: '2023-09-02T05:52:15.540Z'
}
{
  message: 'Server running on port 4000',
  level: 'info',
  label: 'Book-catalog',
  timestamp: '2023-09-02T05:52:44.499Z'
}
{
  message: 'Server running on port 4000',
  level: 'info',
  label: 'Book-catalog',
  timestamp: '2023-09-02T05:53:06.163Z'
}
{
  message: 'Server running on port 4000',
  level: 'info',
  label: 'Book-catalog',
  timestamp: '2023-09-02T05:54:32.270Z'
}
{
  message: 'Server running on port 4000',
  level: 'info',
  label: 'Book-catalog',
  timestamp: '2023-09-02T05:55:11.580Z'
}
{
  message: 'Server running on port 4000',
  level: 'info',
  label: 'Book-catalog',
  timestamp: '2023-09-02T05:55:22.806Z'
}
{
  message: 'Server running on port 4000',
  level: 'info',
  label: 'Book-catalog',
  timestamp: '2023-09-02T05:55:45.421Z'
}
{
  message: 'Server running on port 4000',
  level: 'info',
  label: 'Book-catalog',
  timestamp: '2023-09-02T05:58:10.265Z'
}
