{
  message: 'Server running on port 6000',
  level: 'info',
  label: 'Book-catalog',
  timestamp: '2023-09-01T11:05:16.929Z'
}
{
  message: 'Server running on port 6000',
  level: 'info',
  label: 'Book-catalog',
  timestamp: '2023-09-01T11:05:42.867Z'
}
{
  message: 'Server running on port 6000',
  level: 'info',
  label: 'Book-catalog',
  timestamp: '2023-09-01T11:08:38.932Z'
}
{
  message: 'Server running on port 6000',
  level: 'info',
  label: 'Book-catalog',
  timestamp: '2023-09-01T11:10:37.597Z'
}
{
  message: 'Server running on port 6000',
  level: 'info',
  label: 'Book-catalog',
  timestamp: '2023-09-01T11:10:42.913Z'
}
{
  message: 'Server running on port 6000',
  level: 'info',
  label: 'Book-catalog',
  timestamp: '2023-09-01T11:11:08.688Z'
}
{
  message: 'Server running on port 6000',
  level: 'info',
  label: 'Book-catalog',
  timestamp: '2023-09-01T11:11:13.582Z'
}
{
  message: 'Server running on port 6000',
  level: 'info',
  label: 'Book-catalog',
  timestamp: '2023-09-01T11:12:03.010Z'
}
{
  message: 'Server running on port 6000',
  level: 'info',
  label: 'Book-catalog',
  timestamp: '2023-09-01T11:13:29.979Z'
}
{
  message: 'Server running on port 6000',
  level: 'info',
  label: 'Book-catalog',
  timestamp: '2023-09-01T11:13:36.534Z'
}
{
  message: 'Server running on port 6000',
  level: 'info',
  label: 'Book-catalog',
  timestamp: '2023-09-01T11:14:05.925Z'
}
{
  message: 'Server running on port 6000',
  level: 'info',
  label: 'Book-catalog',
  timestamp: '2023-09-01T11:14:18.365Z'
}
{
  message: 'Server running on port 6000',
  level: 'info',
  label: 'Book-catalog',
  timestamp: '2023-09-01T11:14:59.469Z'
}
{
  message: 'Server running on port 6000',
  level: 'info',
  label: 'Book-catalog',
  timestamp: '2023-09-01T11:15:55.891Z'
}
{
  message: 'Server running on port 6000',
  level: 'info',
  label: 'Book-catalog',
  timestamp: '2023-09-01T11:16:54.933Z'
}
{
  message: 'Server running on port 6000',
  level: 'info',
  label: 'Book-catalog',
  timestamp: '2023-09-01T11:19:24.095Z'
}
{
  message: 'Server running on port 6000',
  level: 'info',
  label: 'Book-catalog',
  timestamp: '2023-09-01T11:21:02.982Z'
}
{
  message: 'Server running on port 6000',
  level: 'info',
  label: 'Book-catalog',
  timestamp: '2023-09-01T11:21:10.253Z'
}
{
  message: 'Server running on port 6000',
  level: 'info',
  label: 'Book-catalog',
  timestamp: '2023-09-01T11:21:14.645Z'
}
{
  message: 'Server running on port 6000',
  level: 'info',
  label: 'Book-catalog',
  timestamp: '2023-09-01T11:21:47.017Z'
}
{
  message: 'Server running on port 6000',
  level: 'info',
  label: 'Book-catalog',
  timestamp: '2023-09-01T11:22:30.336Z'
}
{
  message: 'Server running on port 6000',
  level: 'info',
  label: 'Book-catalog',
  timestamp: '2023-09-01T11:22:37.168Z'
}
{
  message: 'Server running on port 6000',
  level: 'info',
  label: 'Book-catalog',
  timestamp: '2023-09-01T11:23:24.843Z'
}
{
  message: 'Server running on port 6000',
  level: 'info',
  label: 'Book-catalog',
  timestamp: '2023-09-01T11:23:48.119Z'
}
{
  message: 'Server running on port 6000',
  level: 'info',
  label: 'Book-catalog',
  timestamp: '2023-09-01T11:25:25.488Z'
}
{
  message: 'Server running on port 6000',
  level: 'info',
  label: 'Book-catalog',
  timestamp: '2023-09-01T11:25:46.886Z'
}
{
  message: 'Server running on port 6000',
  level: 'info',
  label: 'Book-catalog',
  timestamp: '2023-09-01T11:25:57.678Z'
}
