{
  message: 'Server running on port 6000',
  level: 'info',
  label: 'Book-catalog',
  timestamp: '2023-09-01T05:32:14.015Z'
}
{
  message: 'Server running on port 6000',
  level: 'info',
  label: 'Book-catalog',
  timestamp: '2023-09-01T05:39:16.911Z'
}
{
  message: 'Server running on port 6000',
  level: 'info',
  label: 'Book-catalog',
  timestamp: '2023-09-01T05:50:25.066Z'
}
{
  message: 'Server running on port 6000',
  level: 'info',
  label: 'Book-catalog',
  timestamp: '2023-09-01T05:57:22.007Z'
}
