{
  message: 'Server running on port 4000',
  level: 'info',
  label: 'Book-catalog',
  timestamp: '2023-09-25T12:16:09.069Z'
}
{
  message: 'Server running on port 4000',
  level: 'info',
  label: 'Book-catalog',
  timestamp: '2023-09-25T12:21:58.646Z'
}
{
  message: 'Server running on port 4000',
  level: 'info',
  label: 'Book-catalog',
  timestamp: '2023-09-25T12:22:00.497Z'
}
{
  message: 'Server running on port 4000',
  level: 'info',
  label: 'Book-catalog',
  timestamp: '2023-09-25T12:22:06.393Z'
}
{
  message: 'Server running on port 4000',
  level: 'info',
  label: 'Book-catalog',
  timestamp: '2023-09-25T12:22:21.935Z'
}
{
  message: 'Server running on port 4000',
  level: 'info',
  label: 'Book-catalog',
  timestamp: '2023-09-25T12:22:38.361Z'
}
{
  message: 'Server running on port 4000',
  level: 'info',
  label: 'Book-catalog',
  timestamp: '2023-09-25T12:23:17.794Z'
}
