{
  message: 'Server running on port 4000',
  level: 'info',
  label: 'Book-catalog',
  timestamp: '2023-09-02T07:14:50.189Z'
}
{
  message: 'Server running on port 4000',
  level: 'info',
  label: 'Book-catalog',
  timestamp: '2023-09-02T07:24:13.963Z'
}
{
  message: 'Server running on port 4000',
  level: 'info',
  label: 'Book-catalog',
  timestamp: '2023-09-02T07:28:31.921Z'
}
{
  message: 'Server running on port 4000',
  level: 'info',
  label: 'Book-catalog',
  timestamp: '2023-09-02T07:28:46.057Z'
}
{
  message: 'Server running on port 4000',
  level: 'info',
  label: 'Book-catalog',
  timestamp: '2023-09-02T07:28:59.051Z'
}
{
  message: 'Server running on port 4000',
  level: 'info',
  label: 'Book-catalog',
  timestamp: '2023-09-02T07:29:16.255Z'
}
{
  message: 'Server running on port 4000',
  level: 'info',
  label: 'Book-catalog',
  timestamp: '2023-09-02T07:31:59.228Z'
}
{
  message: 'Server running on port 4000',
  level: 'info',
  label: 'Book-catalog',
  timestamp: '2023-09-02T07:33:49.540Z'
}
{
  message: 'Server running on port 4000',
  level: 'info',
  label: 'Book-catalog',
  timestamp: '2023-09-02T07:33:57.037Z'
}
{
  message: 'Server running on port 4000',
  level: 'info',
  label: 'Book-catalog',
  timestamp: '2023-09-02T07:37:14.752Z'
}
{
  message: 'Server running on port 4000',
  level: 'info',
  label: 'Book-catalog',
  timestamp: '2023-09-02T07:37:37.434Z'
}
{
  message: 'Server running on port 4000',
  level: 'info',
  label: 'Book-catalog',
  timestamp: '2023-09-02T07:37:47.380Z'
}
{
  message: 'Server running on port 4000',
  level: 'info',
  label: 'Book-catalog',
  timestamp: '2023-09-02T07:42:23.590Z'
}
{
  message: 'Server running on port 4000',
  level: 'info',
  label: 'Book-catalog',
  timestamp: '2023-09-02T07:48:25.011Z'
}
{
  message: 'Server running on port 4000',
  level: 'info',
  label: 'Book-catalog',
  timestamp: '2023-09-02T07:48:34.111Z'
}
{
  message: 'Server running on port 4000',
  level: 'info',
  label: 'Book-catalog',
  timestamp: '2023-09-02T07:48:41.843Z'
}
{
  message: 'Server running on port 4000',
  level: 'info',
  label: 'Book-catalog',
  timestamp: '2023-09-02T07:48:57.435Z'
}
