{
  message: 'Server running on port 6000',
  level: 'info',
  label: 'Book-catalog',
  timestamp: '2023-09-01T06:01:43.904Z'
}
{
  message: 'Server running on port 6000',
  level: 'info',
  label: 'Book-catalog',
  timestamp: '2023-09-01T06:03:56.243Z'
}
{
  message: 'Server running on port 6000',
  level: 'info',
  label: 'Book-catalog',
  timestamp: '2023-09-01T06:04:18.595Z'
}
{
  message: 'Server running on port 6000',
  level: 'info',
  label: 'Book-catalog',
  timestamp: '2023-09-01T06:05:07.043Z'
}
{
  message: 'Server running on port 6000',
  level: 'info',
  label: 'Book-catalog',
  timestamp: '2023-09-01T06:05:17.617Z'
}
{
  message: 'Server running on port 6000',
  level: 'info',
  label: 'Book-catalog',
  timestamp: '2023-09-01T06:06:08.433Z'
}
{
  message: 'Server running on port 6000',
  level: 'info',
  label: 'Book-catalog',
  timestamp: '2023-09-01T06:09:45.627Z'
}
{
  message: 'Server running on port 6000',
  level: 'info',
  label: 'Book-catalog',
  timestamp: '2023-09-01T06:16:59.231Z'
}
{
  message: 'Server running on port 6000',
  level: 'info',
  label: 'Book-catalog',
  timestamp: '2023-09-01T06:21:49.342Z'
}
{
  message: 'Server running on port 6000',
  level: 'info',
  label: 'Book-catalog',
  timestamp: '2023-09-01T06:24:20.162Z'
}
{
  message: 'Server running on port 6000',
  level: 'info',
  label: 'Book-catalog',
  timestamp: '2023-09-01T06:24:44.552Z'
}
{
  message: 'Server running on port 6000',
  level: 'info',
  label: 'Book-catalog',
  timestamp: '2023-09-01T06:24:51.516Z'
}
{
  message: 'Server running on port 6000',
  level: 'info',
  label: 'Book-catalog',
  timestamp: '2023-09-01T06:25:15.645Z'
}
{
  message: 'Server running on port 6000',
  level: 'info',
  label: 'Book-catalog',
  timestamp: '2023-09-01T06:27:27.381Z'
}
