{
  message: 'Server running on port 4000',
  level: 'info',
  label: 'Book-catalog',
  timestamp: '2023-09-01T15:02:23.120Z'
}
{
  message: 'Server running on port 4000',
  level: 'info',
  label: 'Book-catalog',
  timestamp: '2023-09-01T15:16:16.871Z'
}
{
  message: 'Server running on port 4000',
  level: 'info',
  label: 'Book-catalog',
  timestamp: '2023-09-01T15:18:08.188Z'
}
{
  message: 'Server running on port 4000',
  level: 'info',
  label: 'Book-catalog',
  timestamp: '2023-09-01T15:19:02.278Z'
}
{
  message: 'Server running on port 4000',
  level: 'info',
  label: 'Book-catalog',
  timestamp: '2023-09-01T15:19:38.182Z'
}
{
  message: 'Server running on port 4000',
  level: 'info',
  label: 'Book-catalog',
  timestamp: '2023-09-01T15:20:08.163Z'
}
{
  message: 'Server running on port 4000',
  level: 'info',
  label: 'Book-catalog',
  timestamp: '2023-09-01T15:20:25.297Z'
}
{
  message: 'Server running on port 4000',
  level: 'info',
  label: 'Book-catalog',
  timestamp: '2023-09-01T15:20:34.228Z'
}
{
  message: 'Server running on port 4000',
  level: 'info',
  label: 'Book-catalog',
  timestamp: '2023-09-01T15:27:01.295Z'
}
{
  message: 'Server running on port 4000',
  level: 'info',
  label: 'Book-catalog',
  timestamp: '2023-09-01T15:27:27.480Z'
}
{
  message: 'Server running on port 4000',
  level: 'info',
  label: 'Book-catalog',
  timestamp: '2023-09-01T15:27:48.445Z'
}
{
  message: 'Server running on port 4000',
  level: 'info',
  label: 'Book-catalog',
  timestamp: '2023-09-01T15:35:07.209Z'
}
{
  message: 'Server running on port 4000',
  level: 'info',
  label: 'Book-catalog',
  timestamp: '2023-09-01T15:35:25.179Z'
}
{
  message: 'Server running on port 4000',
  level: 'info',
  label: 'Book-catalog',
  timestamp: '2023-09-01T15:36:23.525Z'
}
{
  message: 'Server running on port 4000',
  level: 'info',
  label: 'Book-catalog',
  timestamp: '2023-09-01T15:37:03.485Z'
}
{
  message: 'Server running on port 4000',
  level: 'info',
  label: 'Book-catalog',
  timestamp: '2023-09-01T15:37:20.082Z'
}
{
  message: 'Server running on port 4000',
  level: 'info',
  label: 'Book-catalog',
  timestamp: '2023-09-01T15:38:01.892Z'
}
{
  message: 'Server running on port 4000',
  level: 'info',
  label: 'Book-catalog',
  timestamp: '2023-09-01T15:38:15.961Z'
}
{
  message: 'Server running on port 4000',
  level: 'info',
  label: 'Book-catalog',
  timestamp: '2023-09-01T15:38:52.631Z'
}
{
  message: 'Server running on port 4000',
  level: 'info',
  label: 'Book-catalog',
  timestamp: '2023-09-01T15:39:09.929Z'
}
{
  message: 'Server running on port 4000',
  level: 'info',
  label: 'Book-catalog',
  timestamp: '2023-09-01T15:39:34.339Z'
}
{
  message: 'Server running on port 4000',
  level: 'info',
  label: 'Book-catalog',
  timestamp: '2023-09-01T15:40:05.400Z'
}
