{
  message: 'Server running on port 4000',
  level: 'info',
  label: 'Book-catalog',
  timestamp: '2023-09-03T15:28:28.315Z'
}
{
  message: 'Server running on port 4000',
  level: 'info',
  label: 'Book-catalog',
  timestamp: '2023-09-03T15:28:54.142Z'
}
{
  message: 'Server running on port 4000',
  level: 'info',
  label: 'Book-catalog',
  timestamp: '2023-09-03T15:30:11.915Z'
}
{
  message: 'Server running on port 4000',
  level: 'info',
  label: 'Book-catalog',
  timestamp: '2023-09-03T15:30:15.136Z'
}
{
  message: 'Server running on port 4000',
  level: 'info',
  label: 'Book-catalog',
  timestamp: '2023-09-03T15:30:40.573Z'
}
{
  message: 'Server running on port 4000',
  level: 'info',
  label: 'Book-catalog',
  timestamp: '2023-09-03T15:30:55.479Z'
}
{
  message: 'Server running on port 4000',
  level: 'info',
  label: 'Book-catalog',
  timestamp: '2023-09-03T15:32:20.026Z'
}
