{
  message: 'Server running on port 5000',
  level: 'info',
  label: 'Book-catalog',
  timestamp: '2023-09-01T02:12:16.590Z'
}
{
  message: 'Server running on port 5000',
  level: 'info',
  label: 'Book-catalog',
  timestamp: '2023-09-01T02:15:00.398Z'
}
{
  message: 'Server running on port 6000',
  level: 'info',
  label: 'Book-catalog',
  timestamp: '2023-09-01T02:15:19.648Z'
}
{
  message: 'Server running on port 6000',
  level: 'info',
  label: 'Book-catalog',
  timestamp: '2023-09-01T02:48:00.135Z'
}
